#
# A fatal error has been detected by the Java Runtime Environment:
#
#  SIGBUS (0xa) at pc=0x00007fff20491226, pid=40929, tid=22283
#
# JRE version: Java(TM) SE Runtime Environment (16.0.2+7) (build 16.0.2+7-67)
# Java VM: Java HotSpot(TM) 64-Bit Server VM (16.0.2+7-67, mixed mode, sharing, tiered, compressed oops, compressed class ptrs, g1 gc, bsd-amd64)
# Problematic frame:
# C  [libsystem_platform.dylib+0x1226]  _platform_memmove$VARIANT$Haswell+0x1a6
#
# No core dump will be written. Core dumps have been disabled. To enable core dumping, try "ulimit -c unlimited" before starting Java again
#
# If you would like to submit a bug report, please visit:
#   https://bugreport.java.com/bugreport/crash.jsp
#

---------------  S U M M A R Y ------------

Command Line: -javaagent:/Applications/IntelliJ IDEA.app/Contents/lib/idea_rt.jar=53829:/Applications/IntelliJ IDEA.app/Contents/bin -Dfile.encoding=UTF-8 com.app.Server

Host: MacBookPro12,1 x86_64 2700 MHz, 4 cores, 8G, Darwin 20.3.0, macOS 10.16 (20D75)
Time: Thu Aug 26 11:12:23 2021 CST elapsed time: 9.004704 seconds (0d 0h 0m 9s)

---------------  T H R E A D  ---------------

Current thread is native thread

Stack: [0x0000700008875000,0x00007000088f5000],  sp=0x00007000088f46f0,  free space=509k
Native frames: (J=compiled Java code, A=aot compiled Java code, j=interpreted, Vv=VM code, C=native code)
C  [libsystem_platform.dylib+0x1226]  _platform_memmove$VARIANT$Haswell+0x1a6
C  [AppKit+0x20d29f]  -[NSPersistentUIWindowSnapshotter writeWindowSnapshot:length:width:height:bytesPerRow:toFile:inDirectory:encryptingWithKey:uuid:checksum:fd:]+0x589
C  [AppKit+0xb5eae5]  __100-[NSPersistentUIWindowSnapshotter captureAndWriteSnapshotForWindowNumber:forWindowID:waitUntilDone:]_block_invoke.90+0x13b
C  [AppKit+0xb5f68b]  ___NSPersistentUIDispatchQueueAsync_block_invoke+0x1c
C  [libdispatch.dylib+0x25dd]  _dispatch_call_block_and_release+0xc
C  [libdispatch.dylib+0x37c7]  _dispatch_client_callout+0x8
C  [libdispatch.dylib+0x95fe]  _dispatch_lane_serial_drain+0x25e
C  [libdispatch.dylib+0xa0cb]  _dispatch_lane_invoke+0x177
C  [libdispatch.dylib+0x13c5d]  _dispatch_workloop_worker_thread+0x333
C  [libsystem_pthread.dylib+0x3499]  _pthread_wqthread+0x13a
C  [libsystem_pthread.dylib+0x2467]  start_wqthread+0xf


siginfo: si_signo: 10 (SIGBUS), si_code: 2 (BUS_ADRERR), si_addr: 0x0000000166417000

Registers:
RAX=0x0000000166416000, RBX=0x000000000000000c, RCX=0x0000000000000020, RDX=0xfffffffffffffff0
RSP=0x00007000088f46f0, RBP=0x00007000088f46f0, RSI=0x00007fc5e7ec2fe0, RDI=0x0000000166416fa0
R8 =0x000000000000000c, R9 =0x0000000000000000, R10=0x0000000000040401, R11=0xffff803b7e554000
R12=0x0000000166416000, R13=0x00007fc5e3ebcff0, R14=0x00007fc5e7ec2000, R15=0x0000000000001010
RIP=0x00007fff20491226, EFLAGS=0x0000000000010287, ERR=0x0000000000000006
  TRAPNO=0x000000000000000e

Top of Stack: (sp=0x00007000088f46f0)
0x00007000088f46f0:   00007000088f4810 00007fff22f3429f
0x00007000088f4700:   00007000088f4750 0000000000000028
0x00007000088f4710:   0000000000000a00 0000000000078000
0x00007000088f4720:   00000000000780b0 0000000000000114
0x00007000088f4730:   0000000000000000 00007fc5e8400000
0x00007000088f4740:   00000000b4fee911 0000000000000030
0x00007000088f4750:   00007fc5e5a3ce00 0000000000078000
0x00007000088f4760:   0000000000001010 0000000c00078000
0x00007000088f4770:   00007fc5e8478000 00007fff00000000
0x00007000088f4780:   0000000000078000 00007fc5e7ec3008
0x00007000088f4790:   00007fff000770a8 0000000000001008
0x00007000088f47a0:   0000000000000000 0000000000000000
0x00007000088f47b0:   00007fff2a593345 00007fff2a59336f
0x00007000088f47c0:   0000000000000000 0000000000000000
0x00007000088f47d0:   00000000b4fee911 0000000000000000
0x00007000088f47e0:   146a8d67b6f00023 00007fc5e3e11660
0x00007000088f47f0:   0000000000000000 0000000000000114
0x00007000088f4800:   0000000112004f00 00007fc5e4093040
0x00007000088f4810:   00007000088f48b0 00007fff23885ae5
0x00007000088f4820:   0000000000002800 00007fff803497b0
0x00007000088f4830:   00007fc5e3f8a310 00007fc5e3ebcff0
0x00007000088f4840:   00007fc5e3efde40 00007000088f4868
0x00007000088f4850:   00007000088f486c 000000010f5ef080
0x00007000088f4860:   000000010f5f1a00 0000000c00000000
0x00007000088f4870:   000000010f5f1a00 0000000000000003
0x00007000088f4880:   000000010f5ef080 00007fc5e8200000
0x00007000088f4890:   00007000088f4900 146a8d67b6f00023
0x00007000088f48a0:   00007fc5e3e11660 0000000112004f00
0x00007000088f48b0:   00007000088f48e0 00007fff2388668b
0x00007000088f48c0:   0000000110804a40 00007fc5e80084b0
0x00007000088f48d0:   0000000112004f00 0000000000000000
0x00007000088f48e0:   00007000088f4900 00007fff202a35dd 

Instructions: (pc=0x00007fff20491226)
0x00007fff20491126:   08 72 10 48 8b 0e 4c 8b 04 16 48 89 0f 4c 89 04
0x00007fff20491136:   17 5d c3 48 83 c2 08 74 25 4d 31 c0 42 8a 0c 06
0x00007fff20491146:   42 88 0c 07 48 83 ea 01 74 14 42 8a 4c 06 01 42
0x00007fff20491156:   88 4c 07 01 49 83 c0 02 48 83 ea 01 75 de 5d c3
0x00007fff20491166:   66 2e 0f 1f 84 00 00 00 00 00 c5 fc 10 06 48 83
0x00007fff20491176:   c7 20 48 83 e7 e0 48 89 f9 48 29 c1 48 01 ce 48
0x00007fff20491186:   29 ca c5 fc 10 0e c5 fc 11 00 c5 fc 57 c0 c5 fc
0x00007fff20491196:   10 56 20 48 83 c6 40 48 81 ea 80 00 00 00 76 5a
0x00007fff204911a6:   48 f7 c6 1f 00 00 00 74 31 c5 fc 29 0f c5 fc 29
0x00007fff204911b6:   57 20 48 83 c7 40 c5 fc 10 0e c5 fc 10 56 20 48
0x00007fff204911c6:   83 c6 40 48 83 ea 40 77 e0 eb 2f 66 2e 0f 1f 84
0x00007fff204911d6:   00 00 00 00 00 0f 1f 44 00 00 c5 fc 29 0f c5 fc
0x00007fff204911e6:   29 57 20 48 83 c7 40 c5 fc 28 0e c5 fc 28 56 20
0x00007fff204911f6:   48 83 c6 40 48 83 ea 40 77 e0 c5 fc 10 1c 16 c5
0x00007fff20491206:   fc 10 64 16 20 c5 fc 29 0f c5 f4 57 c9 c5 fc 29
0x00007fff20491216:   57 20 c5 ec 57 d2 c5 fc 11 5c 17 40 c5 e4 57 db
0x00007fff20491226:   c5 fc 11 64 17 60 c5 dc 57 e4 5d c5 f8 77 c3 66
0x00007fff20491236:   2e 0f 1f 84 00 00 00 00 00 90 48 83 ee 08 48 8b
0x00007fff20491246:   0e 48 83 ef 08 48 89 0f 48 83 ea 08 73 ec 48 83
0x00007fff20491256:   c2 08 74 12 48 83 ee 01 8a 0e 48 83 ef 01 88 0f
0x00007fff20491266:   48 83 ea 01 75 ee 5d c3 66 90 c5 fc 10 46 e0 49
0x00007fff20491276:   89 fb 48 83 ef 01 48 83 e7 e0 4c 89 d9 48 29 f9
0x00007fff20491286:   48 29 ce 48 29 ca c5 fc 10 4e e0 c4 c1 7c 11 43
0x00007fff20491296:   e0 c5 fc 10 56 c0 48 83 ee 40 c5 fc 57 c0 48 81
0x00007fff204912a6:   ea 80 00 00 00 76 55 48 f7 c6 1f 00 00 00 74 2a
0x00007fff204912b6:   c5 fc 29 4f e0 c5 fc 29 57 c0 48 83 ef 40 c5 fc
0x00007fff204912c6:   10 4e e0 c5 fc 10 56 c0 48 83 ee 40 48 83 ea 40
0x00007fff204912d6:   77 de eb 28 66 0f 1f 44 00 00 c5 fc 29 4f e0 c5
0x00007fff204912e6:   fc 29 57 c0 48 83 ef 40 c5 fc 28 4e e0 c5 fc 28
0x00007fff204912f6:   56 c0 48 83 ee 40 48 83 ea 40 77 de 48 29 d6 c5
0x00007fff20491306:   fc 10 5e e0 c5 fc 10 66 c0 c5 fc 29 4f e0 c5 f4
0x00007fff20491316:   57 c9 c5 fc 29 57 c0 c5 ec 57 d2 c5 fc 11 58 20 



---------------  P R O C E S S  ---------------

VM state: not at safepoint (normal execution)

VM Mutex/Monitor currently owned by a thread: None

Heap address: 0x0000000780000000, size: 2048 MB, Compressed Oops mode: Zero based, Oop shift amount: 3

CDS archive(s) mapped at: [0x0000000800000000-0x0000000800bbb000-0x0000000800bbb000), size 12300288, SharedBaseAddress: 0x0000000800000000, ArchiveRelocationMode: 0.
Compressed class space mapped at: 0x0000000800c00000-0x0000000840c00000, reserved size: 1073741824
Narrow klass base: 0x0000000800000000, Narrow klass shift: 3, Narrow klass range: 0x100000000

GC Precious Log:
<Skipped>

Heap:
 garbage-first heap   total 133120K, used 9775K [0x0000000780000000, 0x0000000800000000)
  region size 1024K, 9 young (9216K), 0 survivors (0K)
 Metaspace       used 8842K, committed 9024K, reserved 1056768K
  class space    used 1015K, committed 1088K, reserved 1048576K

Heap Regions: E=young(eden), S=young(survivor), O=old, HS=humongous(starts), HC=humongous(continues), CS=collection set, F=free, OA=open archive, CA=closed archive, TAMS=top-at-mark-start (previous, next)
|   0|0x0000000780000000, 0x0000000780000000, 0x0000000780100000|  0%| F|  |TAMS 0x0000000780000000, 0x0000000780000000| Untracked 
|   1|0x0000000780100000, 0x0000000780100000, 0x0000000780200000|  0%| F|  |TAMS 0x0000000780100000, 0x0000000780100000| Untracked 
|   2|0x0000000780200000, 0x0000000780200000, 0x0000000780300000|  0%| F|  |TAMS 0x0000000780200000, 0x0000000780200000| Untracked 
|   3|0x0000000780300000, 0x0000000780300000, 0x0000000780400000|  0%| F|  |TAMS 0x0000000780300000, 0x0000000780300000| Untracked 
|   4|0x0000000780400000, 0x0000000780400000, 0x0000000780500000|  0%| F|  |TAMS 0x0000000780400000, 0x0000000780400000| Untracked 
|   5|0x0000000780500000, 0x0000000780500000, 0x0000000780600000|  0%| F|  |TAMS 0x0000000780500000, 0x0000000780500000| Untracked 
|   6|0x0000000780600000, 0x0000000780600000, 0x0000000780700000|  0%| F|  |TAMS 0x0000000780600000, 0x0000000780600000| Untracked 
|   7|0x0000000780700000, 0x0000000780700000, 0x0000000780800000|  0%| F|  |TAMS 0x0000000780700000, 0x0000000780700000| Untracked 
|   8|0x0000000780800000, 0x0000000780800000, 0x0000000780900000|  0%| F|  |TAMS 0x0000000780800000, 0x0000000780800000| Untracked 
|   9|0x0000000780900000, 0x0000000780900000, 0x0000000780a00000|  0%| F|  |TAMS 0x0000000780900000, 0x0000000780900000| Untracked 
|  10|0x0000000780a00000, 0x0000000780a00000, 0x0000000780b00000|  0%| F|  |TAMS 0x0000000780a00000, 0x0000000780a00000| Untracked 
|  11|0x0000000780b00000, 0x0000000780b00000, 0x0000000780c00000|  0%| F|  |TAMS 0x0000000780b00000, 0x0000000780b00000| Untracked 
|  12|0x0000000780c00000, 0x0000000780c00000, 0x0000000780d00000|  0%| F|  |TAMS 0x0000000780c00000, 0x0000000780c00000| Untracked 
|  13|0x0000000780d00000, 0x0000000780d00000, 0x0000000780e00000|  0%| F|  |TAMS 0x0000000780d00000, 0x0000000780d00000| Untracked 
|  14|0x0000000780e00000, 0x0000000780e00000, 0x0000000780f00000|  0%| F|  |TAMS 0x0000000780e00000, 0x0000000780e00000| Untracked 
|  15|0x0000000780f00000, 0x0000000780f00000, 0x0000000781000000|  0%| F|  |TAMS 0x0000000780f00000, 0x0000000780f00000| Untracked 
|  16|0x0000000781000000, 0x0000000781000000, 0x0000000781100000|  0%| F|  |TAMS 0x0000000781000000, 0x0000000781000000| Untracked 
|  17|0x0000000781100000, 0x0000000781100000, 0x0000000781200000|  0%| F|  |TAMS 0x0000000781100000, 0x0000000781100000| Untracked 
|  18|0x0000000781200000, 0x0000000781200000, 0x0000000781300000|  0%| F|  |TAMS 0x0000000781200000, 0x0000000781200000| Untracked 
|  19|0x0000000781300000, 0x0000000781300000, 0x0000000781400000|  0%| F|  |TAMS 0x0000000781300000, 0x0000000781300000| Untracked 
|  20|0x0000000781400000, 0x0000000781400000, 0x0000000781500000|  0%| F|  |TAMS 0x0000000781400000, 0x0000000781400000| Untracked 
|  21|0x0000000781500000, 0x0000000781500000, 0x0000000781600000|  0%| F|  |TAMS 0x0000000781500000, 0x0000000781500000| Untracked 
|  22|0x0000000781600000, 0x0000000781600000, 0x0000000781700000|  0%| F|  |TAMS 0x0000000781600000, 0x0000000781600000| Untracked 
|  23|0x0000000781700000, 0x0000000781700000, 0x0000000781800000|  0%| F|  |TAMS 0x0000000781700000, 0x0000000781700000| Untracked 
|  24|0x0000000781800000, 0x0000000781800000, 0x0000000781900000|  0%| F|  |TAMS 0x0000000781800000, 0x0000000781800000| Untracked 
|  25|0x0000000781900000, 0x0000000781900000, 0x0000000781a00000|  0%| F|  |TAMS 0x0000000781900000, 0x0000000781900000| Untracked 
|  26|0x0000000781a00000, 0x0000000781a00000, 0x0000000781b00000|  0%| F|  |TAMS 0x0000000781a00000, 0x0000000781a00000| Untracked 
|  27|0x0000000781b00000, 0x0000000781b00000, 0x0000000781c00000|  0%| F|  |TAMS 0x0000000781b00000, 0x0000000781b00000| Untracked 
|  28|0x0000000781c00000, 0x0000000781c00000, 0x0000000781d00000|  0%| F|  |TAMS 0x0000000781c00000, 0x0000000781c00000| Untracked 
|  29|0x0000000781d00000, 0x0000000781d00000, 0x0000000781e00000|  0%| F|  |TAMS 0x0000000781d00000, 0x0000000781d00000| Untracked 
|  30|0x0000000781e00000, 0x0000000781e00000, 0x0000000781f00000|  0%| F|  |TAMS 0x0000000781e00000, 0x0000000781e00000| Untracked 
|  31|0x0000000781f00000, 0x0000000781f00000, 0x0000000782000000|  0%| F|  |TAMS 0x0000000781f00000, 0x0000000781f00000| Untracked 
|  32|0x0000000782000000, 0x0000000782000000, 0x0000000782100000|  0%| F|  |TAMS 0x0000000782000000, 0x0000000782000000| Untracked 
|  33|0x0000000782100000, 0x0000000782100000, 0x0000000782200000|  0%| F|  |TAMS 0x0000000782100000, 0x0000000782100000| Untracked 
|  34|0x0000000782200000, 0x0000000782200000, 0x0000000782300000|  0%| F|  |TAMS 0x0000000782200000, 0x0000000782200000| Untracked 
|  35|0x0000000782300000, 0x0000000782300000, 0x0000000782400000|  0%| F|  |TAMS 0x0000000782300000, 0x0000000782300000| Untracked 
|  36|0x0000000782400000, 0x0000000782400000, 0x0000000782500000|  0%| F|  |TAMS 0x0000000782400000, 0x0000000782400000| Untracked 
|  37|0x0000000782500000, 0x0000000782500000, 0x0000000782600000|  0%| F|  |TAMS 0x0000000782500000, 0x0000000782500000| Untracked 
|  38|0x0000000782600000, 0x0000000782600000, 0x0000000782700000|  0%| F|  |TAMS 0x0000000782600000, 0x0000000782600000| Untracked 
|  39|0x0000000782700000, 0x0000000782700000, 0x0000000782800000|  0%| F|  |TAMS 0x0000000782700000, 0x0000000782700000| Untracked 
|  40|0x0000000782800000, 0x0000000782800000, 0x0000000782900000|  0%| F|  |TAMS 0x0000000782800000, 0x0000000782800000| Untracked 
|  41|0x0000000782900000, 0x0000000782900000, 0x0000000782a00000|  0%| F|  |TAMS 0x0000000782900000, 0x0000000782900000| Untracked 
|  42|0x0000000782a00000, 0x0000000782a00000, 0x0000000782b00000|  0%| F|  |TAMS 0x0000000782a00000, 0x0000000782a00000| Untracked 
|  43|0x0000000782b00000, 0x0000000782b00000, 0x0000000782c00000|  0%| F|  |TAMS 0x0000000782b00000, 0x0000000782b00000| Untracked 
|  44|0x0000000782c00000, 0x0000000782c00000, 0x0000000782d00000|  0%| F|  |TAMS 0x0000000782c00000, 0x0000000782c00000| Untracked 
|  45|0x0000000782d00000, 0x0000000782d00000, 0x0000000782e00000|  0%| F|  |TAMS 0x0000000782d00000, 0x0000000782d00000| Untracked 
|  46|0x0000000782e00000, 0x0000000782e00000, 0x0000000782f00000|  0%| F|  |TAMS 0x0000000782e00000, 0x0000000782e00000| Untracked 
|  47|0x0000000782f00000, 0x0000000782f00000, 0x0000000783000000|  0%| F|  |TAMS 0x0000000782f00000, 0x0000000782f00000| Untracked 
|  48|0x0000000783000000, 0x0000000783000000, 0x0000000783100000|  0%| F|  |TAMS 0x0000000783000000, 0x0000000783000000| Untracked 
|  49|0x0000000783100000, 0x0000000783100000, 0x0000000783200000|  0%| F|  |TAMS 0x0000000783100000, 0x0000000783100000| Untracked 
|  50|0x0000000783200000, 0x0000000783200000, 0x0000000783300000|  0%| F|  |TAMS 0x0000000783200000, 0x0000000783200000| Untracked 
|  51|0x0000000783300000, 0x0000000783300000, 0x0000000783400000|  0%| F|  |TAMS 0x0000000783300000, 0x0000000783300000| Untracked 
|  52|0x0000000783400000, 0x0000000783400000, 0x0000000783500000|  0%| F|  |TAMS 0x0000000783400000, 0x0000000783400000| Untracked 
|  53|0x0000000783500000, 0x0000000783500000, 0x0000000783600000|  0%| F|  |TAMS 0x0000000783500000, 0x0000000783500000| Untracked 
|  54|0x0000000783600000, 0x0000000783600000, 0x0000000783700000|  0%| F|  |TAMS 0x0000000783600000, 0x0000000783600000| Untracked 
|  55|0x0000000783700000, 0x0000000783700000, 0x0000000783800000|  0%| F|  |TAMS 0x0000000783700000, 0x0000000783700000| Untracked 
|  56|0x0000000783800000, 0x0000000783800000, 0x0000000783900000|  0%| F|  |TAMS 0x0000000783800000, 0x0000000783800000| Untracked 
|  57|0x0000000783900000, 0x0000000783900000, 0x0000000783a00000|  0%| F|  |TAMS 0x0000000783900000, 0x0000000783900000| Untracked 
|  58|0x0000000783a00000, 0x0000000783a00000, 0x0000000783b00000|  0%| F|  |TAMS 0x0000000783a00000, 0x0000000783a00000| Untracked 
|  59|0x0000000783b00000, 0x0000000783b00000, 0x0000000783c00000|  0%| F|  |TAMS 0x0000000783b00000, 0x0000000783b00000| Untracked 
|  60|0x0000000783c00000, 0x0000000783c00000, 0x0000000783d00000|  0%| F|  |TAMS 0x0000000783c00000, 0x0000000783c00000| Untracked 
|  61|0x0000000783d00000, 0x0000000783d00000, 0x0000000783e00000|  0%| F|  |TAMS 0x0000000783d00000, 0x0000000783d00000| Untracked 
|  62|0x0000000783e00000, 0x0000000783e00000, 0x0000000783f00000|  0%| F|  |TAMS 0x0000000783e00000, 0x0000000783e00000| Untracked 
|  63|0x0000000783f00000, 0x0000000783f00000, 0x0000000784000000|  0%| F|  |TAMS 0x0000000783f00000, 0x0000000783f00000| Untracked 
|  64|0x0000000784000000, 0x0000000784000000, 0x0000000784100000|  0%| F|  |TAMS 0x0000000784000000, 0x0000000784000000| Untracked 
|  65|0x0000000784100000, 0x0000000784100000, 0x0000000784200000|  0%| F|  |TAMS 0x0000000784100000, 0x0000000784100000| Untracked 
|  66|0x0000000784200000, 0x0000000784200000, 0x0000000784300000|  0%| F|  |TAMS 0x0000000784200000, 0x0000000784200000| Untracked 
|  67|0x0000000784300000, 0x0000000784300000, 0x0000000784400000|  0%| F|  |TAMS 0x0000000784300000, 0x0000000784300000| Untracked 
|  68|0x0000000784400000, 0x0000000784400000, 0x0000000784500000|  0%| F|  |TAMS 0x0000000784400000, 0x0000000784400000| Untracked 
|  69|0x0000000784500000, 0x0000000784500000, 0x0000000784600000|  0%| F|  |TAMS 0x0000000784500000, 0x0000000784500000| Untracked 
|  70|0x0000000784600000, 0x0000000784600000, 0x0000000784700000|  0%| F|  |TAMS 0x0000000784600000, 0x0000000784600000| Untracked 
|  71|0x0000000784700000, 0x0000000784700000, 0x0000000784800000|  0%| F|  |TAMS 0x0000000784700000, 0x0000000784700000| Untracked 
|  72|0x0000000784800000, 0x0000000784800000, 0x0000000784900000|  0%| F|  |TAMS 0x0000000784800000, 0x0000000784800000| Untracked 
|  73|0x0000000784900000, 0x0000000784900000, 0x0000000784a00000|  0%| F|  |TAMS 0x0000000784900000, 0x0000000784900000| Untracked 
|  74|0x0000000784a00000, 0x0000000784a00000, 0x0000000784b00000|  0%| F|  |TAMS 0x0000000784a00000, 0x0000000784a00000| Untracked 
|  75|0x0000000784b00000, 0x0000000784b00000, 0x0000000784c00000|  0%| F|  |TAMS 0x0000000784b00000, 0x0000000784b00000| Untracked 
|  76|0x0000000784c00000, 0x0000000784c00000, 0x0000000784d00000|  0%| F|  |TAMS 0x0000000784c00000, 0x0000000784c00000| Untracked 
|  77|0x0000000784d00000, 0x0000000784d00000, 0x0000000784e00000|  0%| F|  |TAMS 0x0000000784d00000, 0x0000000784d00000| Untracked 
|  78|0x0000000784e00000, 0x0000000784e00000, 0x0000000784f00000|  0%| F|  |TAMS 0x0000000784e00000, 0x0000000784e00000| Untracked 
|  79|0x0000000784f00000, 0x0000000784f00000, 0x0000000785000000|  0%| F|  |TAMS 0x0000000784f00000, 0x0000000784f00000| Untracked 
|  80|0x0000000785000000, 0x0000000785000000, 0x0000000785100000|  0%| F|  |TAMS 0x0000000785000000, 0x0000000785000000| Untracked 
|  81|0x0000000785100000, 0x0000000785100000, 0x0000000785200000|  0%| F|  |TAMS 0x0000000785100000, 0x0000000785100000| Untracked 
|  82|0x0000000785200000, 0x0000000785200000, 0x0000000785300000|  0%| F|  |TAMS 0x0000000785200000, 0x0000000785200000| Untracked 
|  83|0x0000000785300000, 0x0000000785300000, 0x0000000785400000|  0%| F|  |TAMS 0x0000000785300000, 0x0000000785300000| Untracked 
|  84|0x0000000785400000, 0x0000000785400000, 0x0000000785500000|  0%| F|  |TAMS 0x0000000785400000, 0x0000000785400000| Untracked 
|  85|0x0000000785500000, 0x0000000785500000, 0x0000000785600000|  0%| F|  |TAMS 0x0000000785500000, 0x0000000785500000| Untracked 
|  86|0x0000000785600000, 0x0000000785600000, 0x0000000785700000|  0%| F|  |TAMS 0x0000000785600000, 0x0000000785600000| Untracked 
|  87|0x0000000785700000, 0x0000000785700000, 0x0000000785800000|  0%| F|  |TAMS 0x0000000785700000, 0x0000000785700000| Untracked 
|  88|0x0000000785800000, 0x0000000785800000, 0x0000000785900000|  0%| F|  |TAMS 0x0000000785800000, 0x0000000785800000| Untracked 
|  89|0x0000000785900000, 0x0000000785900000, 0x0000000785a00000|  0%| F|  |TAMS 0x0000000785900000, 0x0000000785900000| Untracked 
|  90|0x0000000785a00000, 0x0000000785a00000, 0x0000000785b00000|  0%| F|  |TAMS 0x0000000785a00000, 0x0000000785a00000| Untracked 
|  91|0x0000000785b00000, 0x0000000785b00000, 0x0000000785c00000|  0%| F|  |TAMS 0x0000000785b00000, 0x0000000785b00000| Untracked 
|  92|0x0000000785c00000, 0x0000000785c00000, 0x0000000785d00000|  0%| F|  |TAMS 0x0000000785c00000, 0x0000000785c00000| Untracked 
|  93|0x0000000785d00000, 0x0000000785d00000, 0x0000000785e00000|  0%| F|  |TAMS 0x0000000785d00000, 0x0000000785d00000| Untracked 
|  94|0x0000000785e00000, 0x0000000785e00000, 0x0000000785f00000|  0%| F|  |TAMS 0x0000000785e00000, 0x0000000785e00000| Untracked 
|  95|0x0000000785f00000, 0x0000000785f00000, 0x0000000786000000|  0%| F|  |TAMS 0x0000000785f00000, 0x0000000785f00000| Untracked 
|  96|0x0000000786000000, 0x0000000786000000, 0x0000000786100000|  0%| F|  |TAMS 0x0000000786000000, 0x0000000786000000| Untracked 
|  97|0x0000000786100000, 0x0000000786100000, 0x0000000786200000|  0%| F|  |TAMS 0x0000000786100000, 0x0000000786100000| Untracked 
|  98|0x0000000786200000, 0x0000000786200000, 0x0000000786300000|  0%| F|  |TAMS 0x0000000786200000, 0x0000000786200000| Untracked 
|  99|0x0000000786300000, 0x0000000786300000, 0x0000000786400000|  0%| F|  |TAMS 0x0000000786300000, 0x0000000786300000| Untracked 
| 100|0x0000000786400000, 0x0000000786400000, 0x0000000786500000|  0%| F|  |TAMS 0x0000000786400000, 0x0000000786400000| Untracked 
| 101|0x0000000786500000, 0x0000000786500000, 0x0000000786600000|  0%| F|  |TAMS 0x0000000786500000, 0x0000000786500000| Untracked 
| 102|0x0000000786600000, 0x0000000786600000, 0x0000000786700000|  0%| F|  |TAMS 0x0000000786600000, 0x0000000786600000| Untracked 
| 103|0x0000000786700000, 0x0000000786700000, 0x0000000786800000|  0%| F|  |TAMS 0x0000000786700000, 0x0000000786700000| Untracked 
| 104|0x0000000786800000, 0x0000000786800000, 0x0000000786900000|  0%| F|  |TAMS 0x0000000786800000, 0x0000000786800000| Untracked 
| 105|0x0000000786900000, 0x0000000786900000, 0x0000000786a00000|  0%| F|  |TAMS 0x0000000786900000, 0x0000000786900000| Untracked 
| 106|0x0000000786a00000, 0x0000000786a00000, 0x0000000786b00000|  0%| F|  |TAMS 0x0000000786a00000, 0x0000000786a00000| Untracked 
| 107|0x0000000786b00000, 0x0000000786b00000, 0x0000000786c00000|  0%| F|  |TAMS 0x0000000786b00000, 0x0000000786b00000| Untracked 
| 108|0x0000000786c00000, 0x0000000786c00000, 0x0000000786d00000|  0%| F|  |TAMS 0x0000000786c00000, 0x0000000786c00000| Untracked 
| 109|0x0000000786d00000, 0x0000000786d00000, 0x0000000786e00000|  0%| F|  |TAMS 0x0000000786d00000, 0x0000000786d00000| Untracked 
| 110|0x0000000786e00000, 0x0000000786e00000, 0x0000000786f00000|  0%| F|  |TAMS 0x0000000786e00000, 0x0000000786e00000| Untracked 
| 111|0x0000000786f00000, 0x0000000786f00000, 0x0000000787000000|  0%| F|  |TAMS 0x0000000786f00000, 0x0000000786f00000| Untracked 
| 112|0x0000000787000000, 0x0000000787000000, 0x0000000787100000|  0%| F|  |TAMS 0x0000000787000000, 0x0000000787000000| Untracked 
| 113|0x0000000787100000, 0x0000000787100000, 0x0000000787200000|  0%| F|  |TAMS 0x0000000787100000, 0x0000000787100000| Untracked 
| 114|0x0000000787200000, 0x0000000787200000, 0x0000000787300000|  0%| F|  |TAMS 0x0000000787200000, 0x0000000787200000| Untracked 
| 115|0x0000000787300000, 0x0000000787300000, 0x0000000787400000|  0%| F|  |TAMS 0x0000000787300000, 0x0000000787300000| Untracked 
| 116|0x0000000787400000, 0x0000000787400000, 0x0000000787500000|  0%| F|  |TAMS 0x0000000787400000, 0x0000000787400000| Untracked 
| 117|0x0000000787500000, 0x0000000787500000, 0x0000000787600000|  0%| F|  |TAMS 0x0000000787500000, 0x0000000787500000| Untracked 
| 118|0x0000000787600000, 0x0000000787600000, 0x0000000787700000|  0%| F|  |TAMS 0x0000000787600000, 0x0000000787600000| Untracked 
| 119|0x0000000787700000, 0x0000000787799dd0, 0x0000000787800000| 60%| E|  |TAMS 0x0000000787700000, 0x0000000787700000| Complete 
| 120|0x0000000787800000, 0x0000000787900000, 0x0000000787900000|100%| E|CS|TAMS 0x0000000787800000, 0x0000000787800000| Complete 
| 121|0x0000000787900000, 0x0000000787a00000, 0x0000000787a00000|100%| E|CS|TAMS 0x0000000787900000, 0x0000000787900000| Complete 
| 122|0x0000000787a00000, 0x0000000787b00000, 0x0000000787b00000|100%| E|CS|TAMS 0x0000000787a00000, 0x0000000787a00000| Complete 
| 123|0x0000000787b00000, 0x0000000787c00000, 0x0000000787c00000|100%| E|CS|TAMS 0x0000000787b00000, 0x0000000787b00000| Complete 
| 124|0x0000000787c00000, 0x0000000787d00000, 0x0000000787d00000|100%| E|CS|TAMS 0x0000000787c00000, 0x0000000787c00000| Complete 
| 125|0x0000000787d00000, 0x0000000787e00000, 0x0000000787e00000|100%| E|CS|TAMS 0x0000000787d00000, 0x0000000787d00000| Complete 
| 126|0x0000000787e00000, 0x0000000787f00000, 0x0000000787f00000|100%| E|CS|TAMS 0x0000000787e00000, 0x0000000787e00000| Complete 
| 127|0x0000000787f00000, 0x0000000788000000, 0x0000000788000000|100%| E|CS|TAMS 0x0000000787f00000, 0x0000000787f00000| Complete 
|1022|0x00000007bfe00000, 0x00000007bfe75000, 0x00000007bff00000| 45%|OA|  |TAMS 0x00000007bfe00000, 0x00000007bfe00000| Untracked 
|1023|0x00000007bff00000, 0x00000007bff7d000, 0x00000007c0000000| 48%|CA|  |TAMS 0x00000007bff00000, 0x00000007bff00000| Untracked 

Card table byte_map: [0x000000010fc6f000,0x000000011006f000] _byte_map_base: 0x000000010c06f000

Marking Bits (Prev, Next): (CMBitMap*) 0x00007fc5e580d610, (CMBitMap*) 0x00007fc5e580d650
 Prev Bits: [0x000000012a2ae000, 0x000000012c2ae000)
 Next Bits: [0x000000012c2ae000, 0x000000012e2ae000)

Polling page: 0x000000010f608000

Metaspace:

Usage:
  Non-class:      7.64 MB used.
      Class:   1015.05 KB used.
       Both:      8.64 MB used.

Virtual space:
  Non-class space:        8.00 MB reserved,       7.75 MB ( 97%) committed,  1 nodes.
      Class space:        1.00 GB reserved,       1.06 MB ( <1%) committed,  1 nodes.
              Both:        1.01 GB reserved,       8.81 MB ( <1%) committed. 

Chunk freelists:
   Non-Class:  202.00 KB
       Class:  2.75 MB
        Both:  2.95 MB

MaxMetaspaceSize: 17179869184.00 GB
CompressedClassSpaceSize: 1.00 GB
 - commit_granule_bytes: 65536.
 - commit_granule_words: 8192.
 - virtual_space_node_default_size: 1048576.
 - enlarge_chunks_in_place: 1.
 - new_chunks_are_fully_committed: 0.
 - uncommit_free_chunks: 1.
 - use_allocation_guard: 0.
 - handle_deallocations: 1.


Internal statistics:

num_allocs_failed_limit: 0.
num_arena_births: 148.
num_arena_deaths: 0.
num_vsnodes_births: 2.
num_vsnodes_deaths: 0.
num_space_committed: 141.
num_space_uncommitted: 0.
num_chunks_returned_to_freelist: 0.
num_chunks_taken_from_freelist: 189.
num_chunk_merges: 0.
num_chunk_splits: 118.
num_chunks_enlarged: 67.
num_purges: 0.

CodeHeap 'non-profiled nmethods': size=120032Kb used=272Kb max_used=272Kb free=119759Kb
 bounds [0x0000000122976000, 0x0000000122be6000, 0x0000000129eae000]
CodeHeap 'profiled nmethods': size=120028Kb used=1262Kb max_used=1262Kb free=118765Kb
 bounds [0x000000011b43f000, 0x000000011b6af000, 0x0000000122976000]
CodeHeap 'non-nmethods': size=5700Kb used=1312Kb max_used=1325Kb free=4387Kb
 bounds [0x000000011aeae000, 0x000000011b11e000, 0x000000011b43f000]
 total_blobs=1509 nmethods=858 adapters=565
 compilation: enabled
              stopped_count=0, restarted_count=0
 full_count=0

Compilation events (20 events):
Event: 8.378 Thread 0x00007fc5e5016000  849       3       javax.swing.JComponent::getWidth (5 bytes)
Event: 8.379 Thread 0x00007fc5e5016000 nmethod 849 0x000000011b576510 code [0x000000011b5766a0, 0x000000011b5767b0]
Event: 8.379 Thread 0x00007fc5e5016000  850       3       javax.swing.JComponent::getHeight (5 bytes)
Event: 8.379 Thread 0x00007fc5e5016000 nmethod 850 0x000000011b576810 code [0x000000011b5769a0, 0x000000011b576ab0]
Event: 8.379 Thread 0x00007fc5e5016000  851       3       jdk.internal.logger.SurrogateLogger::defaultPlatformLevel (4 bytes)
Event: 8.380 Thread 0x00007fc5e5016000 nmethod 851 0x000000011b576b10 code [0x000000011b576ca0, 0x000000011b576db0]
Event: 8.384 Thread 0x00007fc5e5016000  852       3       java.util.concurrent.locks.ReentrantLock$NonfairSync::initialTryLock (58 bytes)
Event: 8.385 Thread 0x00007fc5e5016000 nmethod 852 0x000000011b576e10 code [0x000000011b577000, 0x000000011b577410]
Event: 8.385 Thread 0x00007fc5e5016000  853       3       java.util.concurrent.locks.ReentrantLock::lock (8 bytes)
Event: 8.386 Thread 0x00007fc5e5016000 nmethod 853 0x000000011b577510 code [0x000000011b5776e0, 0x000000011b5779d0]
Event: 8.386 Thread 0x00007fc5e5016000  854       3       java.lang.Math::floor (5 bytes)
Event: 8.386 Thread 0x00007fc5e5016000 nmethod 854 0x000000011b577b10 code [0x000000011b577cc0, 0x000000011b577dc0]
Event: 8.795 Thread 0x00007fc5e5016000  855       3       sun.awt.AWTAutoShutdown::notifyToolkitThreadBusy (8 bytes)
Event: 8.796 Thread 0x00007fc5e5016000 nmethod 855 0x000000011b577e90 code [0x000000011b578040, 0x000000011b5781c0]
Event: 8.796 Thread 0x00007fc5e5016000  856       3       sun.awt.AWTAutoShutdown::notifyToolkitThreadFree (8 bytes)
Event: 8.796 Thread 0x00007fc5e5016000 nmethod 856 0x000000011b578290 code [0x000000011b578440, 0x000000011b5785c0]
Event: 8.888 Thread 0x00007fc5e5016000  857       3       java.security.AccessControlContext::optimize (319 bytes)
Event: 8.890 Thread 0x00007fc5e5016000 nmethod 857 0x000000011b578690 code [0x000000011b578a20, 0x000000011b57a030]
Event: 8.890 Thread 0x00007fc5e5016000  858       3       javax.swing.JComponent::setFlag (34 bytes)
Event: 8.890 Thread 0x00007fc5e5016000 nmethod 858 0x000000011b57a690 code [0x000000011b57a840, 0x000000011b57a9f0]

GC Heap History (0 events):
No events

Deoptimization events (20 events):
Event: 5.410 Thread 0x00007fc5e480d000 Uncommon trap: trap_request=0xffffff45 fr.pc=0x000000012298637c relative=0x000000000000005c
Event: 5.411 Thread 0x00007fc5e480d000 Uncommon trap: reason=unstable_if action=reinterpret pc=0x000000012298637c method=java.lang.String.isLatin1()Z @ 10 c2
Event: 5.411 Thread 0x00007fc5e480d000 DEOPT PACKING pc=0x000000012298637c sp=0x0000700007fd50e0
Event: 5.411 Thread 0x00007fc5e480d000 DEOPT UNPACKING pc=0x000000011aefb424 sp=0x0000700007fd5090 mode 2
Event: 5.411 Thread 0x00007fc5e480d000 Uncommon trap: trap_request=0xffffff45 fr.pc=0x0000000122984e88 relative=0x0000000000000888
Event: 5.411 Thread 0x00007fc5e480d000 Uncommon trap: reason=unstable_if action=reinterpret pc=0x0000000122984e88 method=java.util.HashMap.putVal(ILjava/lang/Object;Ljava/lang/Object;ZZ)Ljava/lang/Object; @ 181 c2
Event: 5.411 Thread 0x00007fc5e480d000 DEOPT PACKING pc=0x0000000122984e88 sp=0x0000700007fd50a0
Event: 5.411 Thread 0x00007fc5e480d000 DEOPT UNPACKING pc=0x000000011aefb424 sp=0x0000700007fd5040 mode 2
Event: 7.940 Thread 0x00007fc5e480d000 Uncommon trap: trap_request=0xffffff45 fr.pc=0x00000001229ae31c relative=0x000000000000045c
Event: 7.940 Thread 0x00007fc5e480d000 Uncommon trap: reason=unstable_if action=reinterpret pc=0x00000001229ae31c method=java.lang.StringLatin1.toLowerCase(Ljava/lang/String;[BLjava/util/Locale;)Ljava/lang/String; @ 43 c2
Event: 7.940 Thread 0x00007fc5e480d000 DEOPT PACKING pc=0x00000001229ae31c sp=0x0000700007fd52a0
Event: 7.940 Thread 0x00007fc5e480d000 DEOPT UNPACKING pc=0x000000011aefb424 sp=0x0000700007fd5230 mode 2
Event: 8.208 Thread 0x00007fc5e50ee200 Uncommon trap: trap_request=0xffffffde fr.pc=0x0000000122981d3c relative=0x000000000000019c
Event: 8.208 Thread 0x00007fc5e50ee200 Uncommon trap: reason=class_check action=maybe_recompile pc=0x0000000122981d3c method=java.lang.String.equals(Ljava/lang/Object;)Z @ 8 c2
Event: 8.208 Thread 0x00007fc5e50ee200 DEOPT PACKING pc=0x0000000122981d3c sp=0x0000700009cb8c00
Event: 8.208 Thread 0x00007fc5e50ee200 DEOPT UNPACKING pc=0x000000011aefb424 sp=0x0000700009cb8bc8 mode 2
Event: 8.208 Thread 0x00007fc5e50ee200 Uncommon trap: trap_request=0xffffffde fr.pc=0x0000000122981d3c relative=0x000000000000019c
Event: 8.208 Thread 0x00007fc5e50ee200 Uncommon trap: reason=class_check action=maybe_recompile pc=0x0000000122981d3c method=java.lang.String.equals(Ljava/lang/Object;)Z @ 8 c2
Event: 8.208 Thread 0x00007fc5e50ee200 DEOPT PACKING pc=0x0000000122981d3c sp=0x0000700009cb8c20
Event: 8.208 Thread 0x00007fc5e50ee200 DEOPT UNPACKING pc=0x000000011aefb424 sp=0x0000700009cb8be8 mode 2

Classes unloaded (0 events):
No events

Classes redefined (0 events):
No events

Internal exceptions (20 events):
Event: 3.661 Thread 0x00007fc5e480d000 Exception <a 'java/lang/ClassNotFoundException'{0x0000000787dea200}: sun/awt/resources/spi/awtProvider> (0x0000000787dea200) 
thrown [./open/src/hotspot/share/classfile/systemDictionary.cpp, line 256]
Event: 3.710 Thread 0x00007fc5e480d000 Exception <a 'java/io/FileNotFoundException'{0x0000000787cc0008}> (0x0000000787cc0008) 
thrown [./open/src/hotspot/share/prims/jni.cpp, line 579]
Event: 3.724 Thread 0x00007fc5e480d000 Exception <a 'java/io/FileNotFoundException'{0x0000000787cee8d0}> (0x0000000787cee8d0) 
thrown [./open/src/hotspot/share/prims/jni.cpp, line 579]
Event: 3.829 Thread 0x00007fc5e480d000 Exception <a 'java/lang/ClassNotFoundException'{0x0000000787b38e58}: sun/awt/resources/spi/awtosxProvider> (0x0000000787b38e58) 
thrown [./open/src/hotspot/share/classfile/systemDictionary.cpp, line 256]
Event: 4.227 Thread 0x00007fc5e480d000 Exception <a 'java/lang/NoSuchMethodError'{0x0000000787b95040}: 'void java.lang.invoke.DirectMethodHandle$Holder.invokeStaticInit(java.lang.Object)'> (0x0000000787b95040) 
thrown [./open/src/hotspot/share/interpreter/linkResolver.cpp, line 790]
Event: 4.247 Thread 0x00007fc5e480d000 Exception <a 'java/lang/NoSuchMethodError'{0x0000000787bb8208}: 'java.lang.Object java.lang.invoke.DirectMethodHandle$Holder.newInvokeSpecial(java.lang.Object, java.lang.Object, java.lang.Object, java.lang.Object, java.lang.Object)'> (0x0000000787bb8208) 
thrown [./open/src/hotspot/share/interpreter/linkResolver.cpp, line 790]
Event: 4.269 Thread 0x00007fc5e480d000 Exception <a 'java/lang/NoSuchMethodError'{0x0000000787bc3cf0}: 'java.lang.Object java.lang.invoke.DirectMethodHandle$Holder.invokeStatic(java.lang.Object, int, java.lang.Object, java.lang.Object, java.lang.Object, java.lang.Object)'> (0x0000000787bc3cf0) 
thrown [./open/src/hotspot/share/interpreter/linkResolver.cpp, line 790]
Event: 4.301 Thread 0x00007fc5e480d000 Exception <a 'java/lang/NoSuchMethodError'{0x0000000787be9fd0}: 'java.lang.Object java.lang.invoke.DirectMethodHandle$Holder.invokeStatic(java.lang.Object, int, java.lang.Object)'> (0x0000000787be9fd0) 
thrown [./open/src/hotspot/share/interpreter/linkResolver.cpp, line 790]
Event: 4.382 Thread 0x00007fc5e480d000 Exception <a 'java/lang/ClassNotFoundException'{0x0000000787a1b4f8}: com/apple/laf/resources/spi/aquaProvider> (0x0000000787a1b4f8) 
thrown [./open/src/hotspot/share/classfile/systemDictionary.cpp, line 256]
Event: 4.727 Thread 0x00007fc5e480d000 Exception <a 'java/lang/ClassNotFoundException'{0x0000000787a99c80}: com/sun/swing/internal/plaf/basic/resources/spi/basicProvider> (0x0000000787a99c80) 
thrown [./open/src/hotspot/share/classfile/systemDictionary.cpp, line 256]
Event: 4.842 Thread 0x00007fc5e480d000 Implicit null exception at 0x000000012299fdde to 0x00000001229a10e8
Event: 5.276 Thread 0x00007fc5e480d000 Exception <a 'java/lang/NoSuchMethodError'{0x0000000787974b88}: 'java.lang.Object java.lang.invoke.DirectMethodHandle$Holder.newInvokeSpecial(java.lang.Object, java.lang.Object, java.lang.Object, int, java.lang.Object)'> (0x0000000787974b88) 
thrown [./open/src/hotspot/share/interpreter/linkResolver.cpp, line 790]
Event: 5.277 Thread 0x00007fc5e480d000 Exception <a 'java/lang/NoSuchMethodError'{0x000000078797c7b8}: 'java.lang.Object java.lang.invoke.Invokers$Holder.linkToTargetMethod(java.lang.Object, java.lang.Object, int, java.lang.Object, java.lang.Object)'> (0x000000078797c7b8) 
thrown [./open/src/hotspot/share/interpreter/linkResolver.cpp, line 790]
Event: 5.323 Thread 0x00007fc5e480d000 Exception <a 'java/lang/NoSuchMethodError'{0x000000078798e5e8}: 'java.lang.Object java.lang.invoke.Invokers$Holder.linkToTargetMethod(int, int, int, int, java.lang.Object)'> (0x000000078798e5e8) 
thrown [./open/src/hotspot/share/interpreter/linkResolver.cpp, line 790]
Event: 5.325 Thread 0x00007fc5e480d000 Exception <a 'java/lang/NoSuchMethodError'{0x00000007879922b0}: 'void java.lang.invoke.DirectMethodHandle$Holder.invokeStatic(java.lang.Object, java.lang.Object, long)'> (0x00000007879922b0) 
thrown [./open/src/hotspot/share/interpreter/linkResolver.cpp, line 790]
Event: 5.336 Thread 0x00007fc5e508a400 Exception <a 'java/lang/NoSuchMethodError'{0x00000007879cf3d8}: 'void java.lang.invoke.DirectMethodHandle$Holder.invokeSpecial(java.lang.Object, java.lang.Object, long)'> (0x00000007879cf3d8) 
thrown [./open/src/hotspot/share/interpreter/linkResolver.cpp, line 790]
Event: 8.236 Thread 0x00007fc5e508a400 Exception <a 'java/lang/NoSuchMethodError'{0x00000007879dd518}: 'void java.lang.invoke.DirectMethodHandle$Holder.invokeStatic(java.lang.Object, long)'> (0x00000007879dd518) 
thrown [./open/src/hotspot/share/interpreter/linkResolver.cpp, line 790]
Event: 8.238 Thread 0x00007fc5e480d000 Exception <a 'java/lang/NoSuchMethodError'{0x00000007878c4758}: 'void java.lang.invoke.DirectMethodHandle$Holder.invokeStatic(java.lang.Object, long, long)'> (0x00000007878c4758) 
thrown [./open/src/hotspot/share/interpreter/linkResolver.cpp, line 790]
Event: 8.249 Thread 0x00007fc5e480d000 Exception <a 'java/lang/NoSuchMethodError'{0x00000007878ca3a0}: 'java.lang.Object java.lang.invoke.DirectMethodHandle$Holder.newInvokeSpecial(java.lang.Object, long)'> (0x00000007878ca3a0) 
thrown [./open/src/hotspot/share/interpreter/linkResolver.cpp, line 790]
Event: 8.252 Thread 0x00007fc5e480d000 Exception <a 'java/lang/NoSuchMethodError'{0x00000007878d4aa8}: 'java.lang.Object java.lang.invoke.DirectMethodHandle$Holder.newInvokeSpecial(java.lang.Object, java.lang.Object, int)'> (0x00000007878d4aa8) 
thrown [./open/src/hotspot/share/interpreter/linkResolver.cpp, line 790]

Events (20 events):
Event: 8.380 loading class sun/awt/im/InputMethodWindow
Event: 8.380 loading class sun/awt/im/InputMethodWindow done
Event: 8.380 loading class javax/swing/text/JTextComponent$InputMethodRequestsHandler
Event: 8.381 loading class javax/swing/text/JTextComponent$InputMethodRequestsHandler done
Event: 8.382 loading class sun/awt/im/CompositionAreaHandler
Event: 8.383 loading class sun/awt/im/CompositionAreaHandler done
Event: 8.383 loading class java/text/AttributedString
Event: 8.383 loading class java/text/AttributedString done
Event: 8.383 loading class java/text/AttributedString$AttributedStringIterator
Event: 8.383 loading class java/text/AttributedCharacterIterator
Event: 8.383 loading class java/text/AttributedCharacterIterator done
Event: 8.383 loading class java/text/AttributedString$AttributedStringIterator done
Event: 8.384 loading class javax/swing/TimerQueue$DelayedTimer
Event: 8.384 loading class java/util/concurrent/Delayed
Event: 8.384 loading class java/util/concurrent/Delayed done
Event: 8.384 loading class javax/swing/TimerQueue$DelayedTimer done
Event: 8.384 loading class java/util/concurrent/TimeUnit$1
Event: 8.384 loading class java/util/concurrent/TimeUnit$1 done
Event: 8.888 loading class javax/swing/Timer$1
Event: 8.888 loading class javax/swing/Timer$1 done


Dynamic libraries:
0x00007fff2a589000 	/usr/lib/libz.1.dylib
0x000000010f5d6000 	/Library/Java/JavaVirtualMachines/jdk-16.0.2.jdk/Contents/Home/lib/libjli.dylib
0x00007fff350db000 	/System/Library/Frameworks/Cocoa.framework/Versions/A/Cocoa
0x00007fff22300000 	/System/Library/Frameworks/Security.framework/Versions/A/Security
0x00007fff332d8000 	/System/Library/Frameworks/ApplicationServices.framework/Versions/A/ApplicationServices
0x00007fff2a651000 	/usr/lib/libSystem.B.dylib
0x00007fff2a64b000 	/usr/lib/system/libcache.dylib
0x00007fff2a607000 	/usr/lib/system/libcommonCrypto.dylib
0x00007fff2a631000 	/usr/lib/system/libcompiler_rt.dylib
0x00007fff2a626000 	/usr/lib/system/libcopyfile.dylib
0x00007fff201d4000 	/usr/lib/system/libcorecrypto.dylib
0x00007fff202a1000 	/usr/lib/system/libdispatch.dylib
0x00007fff20455000 	/usr/lib/system/libdyld.dylib
0x00007fff2a642000 	/usr/lib/system/libkeymgr.dylib
0x00007fff2da8a000 	/usr/lib/system/liblaunch.dylib
0x00007fff2a5e5000 	/usr/lib/system/libmacho.dylib
0x00007fff29dff000 	/usr/lib/system/libquarantine.dylib
0x00007fff2a63f000 	/usr/lib/system/libremovefile.dylib
0x00007fff24c97000 	/usr/lib/system/libsystem_asl.dylib
0x00007fff20184000 	/usr/lib/system/libsystem_blocks.dylib
0x00007fff20322000 	/usr/lib/system/libsystem_c.dylib
0x00007fff2a639000 	/usr/lib/system/libsystem_collections.dylib
0x00007fff290f3000 	/usr/lib/system/libsystem_configuration.dylib
0x00007fff283e6000 	/usr/lib/system/libsystem_containermanager.dylib
0x00007fff2a381000 	/usr/lib/system/libsystem_coreservices.dylib
0x00007fff228b4000 	/usr/lib/system/libsystem_darwin.dylib
0x00007fff2a643000 	/usr/lib/system/libsystem_dnssd.dylib
0x00007fff2031f000 	/usr/lib/system/libsystem_featureflags.dylib
0x00007fff2049a000 	/usr/lib/system/libsystem_info.dylib
0x00007fff2a59c000 	/usr/lib/system/libsystem_m.dylib
0x00007fff20274000 	/usr/lib/system/libsystem_malloc.dylib
0x00007fff24c2b000 	/usr/lib/system/libsystem_networkextension.dylib
0x00007fff22ccf000 	/usr/lib/system/libsystem_notify.dylib
0x00007fff2ff3e000 	/usr/lib/system/libsystem_product_info_filter.dylib
0x00007fff290f7000 	/usr/lib/system/libsystem_sandbox.dylib
0x00007fff2a63c000 	/usr/lib/system/libsystem_secinit.dylib
0x00007fff2041a000 	/usr/lib/system/libsystem_kernel.dylib
0x00007fff20490000 	/usr/lib/system/libsystem_platform.dylib
0x00007fff20449000 	/usr/lib/system/libsystem_pthread.dylib
0x00007fff26396000 	/usr/lib/system/libsystem_symptoms.dylib
0x00007fff201bc000 	/usr/lib/system/libsystem_trace.dylib
0x00007fff2a613000 	/usr/lib/system/libunwind.dylib
0x00007fff20186000 	/usr/lib/system/libxpc.dylib
0x00007fff20401000 	/usr/lib/libc++abi.dylib
0x00007fff202e6000 	/usr/lib/libobjc.A.dylib
0x00007fff2a61e000 	/usr/lib/liboah.dylib
0x00007fff203ab000 	/usr/lib/libc++.1.dylib
0x00007fff204c6000 	/System/Library/Frameworks/CoreFoundation.framework/Versions/A/CoreFoundation
0x00007fff21273000 	/System/Library/Frameworks/Foundation.framework/Versions/C/Foundation
0x00007fff22d27000 	/System/Library/Frameworks/AppKit.framework/Versions/C/AppKit
0x00007fff25bbf000 	/System/Library/Frameworks/CoreData.framework/Versions/A/CoreData
0x00007fff23a8a000 	/System/Library/PrivateFrameworks/UIFoundation.framework/Versions/A/UIFoundation
0x00007fff2fcb7000 	/System/Library/PrivateFrameworks/RemoteViewServices.framework/Versions/A/RemoteViewServices
0x00007fff28ab0000 	/System/Library/PrivateFrameworks/XCTTargetBootstrap.framework/Versions/A/XCTTargetBootstrap
0x00007fff2b791000 	/usr/lib/libspindump.dylib
0x00007fff23cdf000 	/System/Library/Frameworks/UniformTypeIdentifiers.framework/Versions/A/UniformTypeIdentifiers
0x00007fff27286000 	/usr/lib/libapp_launch_measurement.dylib
0x00007fff27289000 	/System/Library/PrivateFrameworks/CoreAutoLayout.framework/Versions/A/CoreAutoLayout
0x00007fff28412000 	/System/Library/Frameworks/Metal.framework/Versions/A/Metal
0x00007fff29102000 	/usr/lib/liblangid.dylib
0x00007fff28ab4000 	/System/Library/PrivateFrameworks/CoreSVG.framework/Versions/A/CoreSVG
0x00007fff24cc6000 	/System/Library/PrivateFrameworks/SkyLight.framework/Versions/A/SkyLight
0x00007fff2502d000 	/System/Library/Frameworks/CoreGraphics.framework/Versions/A/CoreGraphics
0x00007fff3030e000 	/System/Library/Frameworks/Accelerate.framework/Versions/A/Accelerate
0x00007fff2b1cc000 	/System/Library/PrivateFrameworks/IconServices.framework/Versions/A/IconServices
0x00007fff283f7000 	/System/Library/Frameworks/IOSurface.framework/Versions/A/IOSurface
0x00007fff26548000 	/usr/lib/libDiagnosticMessagesClient.dylib
0x00007fff28a9c000 	/System/Library/PrivateFrameworks/DFRFoundation.framework/Versions/A/DFRFoundation
0x00007fff22652000 	/usr/lib/libicucore.A.dylib
0x00007fff2ccd8000 	/System/Library/Frameworks/AudioToolbox.framework/Versions/A/AudioToolbox
0x00007fff2bf7d000 	/System/Library/PrivateFrameworks/DataDetectorsCore.framework/Versions/A/DataDetectorsCore
0x00007fff2879c000 	/System/Library/Frameworks/Carbon.framework/Versions/A/Frameworks/HIToolbox.framework/Versions/A/HIToolbox
0x00007fff26ce1000 	/System/Library/Frameworks/QuartzCore.framework/Versions/A/QuartzCore
0x00007fff2fcf3000 	/System/Library/Frameworks/Carbon.framework/Versions/A/Frameworks/SpeechRecognition.framework/Versions/A/SpeechRecognition
0x00007fff26fee000 	/System/Library/PrivateFrameworks/CoreUI.framework/Versions/A/CoreUI
0x00007fff21c5b000 	/System/Library/Frameworks/CoreAudio.framework/Versions/A/CoreAudio
0x00007fff26633000 	/System/Library/Frameworks/DiskArbitration.framework/Versions/A/DiskArbitration
0x00007fff2bb8c000 	/System/Library/PrivateFrameworks/MultitouchSupport.framework/Versions/A/MultitouchSupport
0x00007fff2bf74000 	/System/Library/PrivateFrameworks/InternationalSupport.framework/Versions/A/InternationalSupport
0x00007fff24c3a000 	/usr/lib/libenergytrace.dylib
0x00007fff22c20000 	/System/Library/Frameworks/IOKit.framework/Versions/A/IOKit
0x00007fff30040000 	/System/Library/Frameworks/CoreServices.framework/Versions/A/CoreServices
0x00007fff2721c000 	/System/Library/PrivateFrameworks/PerformanceAnalysis.framework/Versions/A/PerformanceAnalysis
0x00007fff6c9a9000 	/System/Library/Frameworks/OpenGL.framework/Versions/A/OpenGL
0x00007fff2bff9000 	/System/Library/PrivateFrameworks/UserActivity.framework/Versions/A/UserActivity
0x00007fff256c1000 	/System/Library/Frameworks/ColorSync.framework/Versions/A/ColorSync
0x00007fff28d19000 	/System/Library/Frameworks/CoreImage.framework/Versions/A/CoreImage
0x00007fff21a72000 	/System/Library/Frameworks/CoreText.framework/Versions/A/CoreText
0x00007fff28ade000 	/System/Library/Frameworks/ImageIO.framework/Versions/A/ImageIO
0x00007fff2a657000 	/System/Library/PrivateFrameworks/SoftLinking.framework/Versions/A/SoftLinking
0x00007fff272d2000 	/usr/lib/libxml2.2.dylib
0x00007fff2a8c9000 	/usr/lib/libcompression.dylib
0x00007fff24c3b000 	/usr/lib/libMobileGestalt.dylib
0x00007fff2bea7000 	/System/Library/PrivateFrameworks/TextureIO.framework/Versions/A/TextureIO
0x00007fff2aeef000 	/usr/lib/libate.dylib
0x00007fff2acd4000 	/usr/lib/liblzma.5.dylib
0x00007fff20f87000 	/System/Library/Frameworks/SystemConfiguration.framework/Versions/A/SystemConfiguration
0x00007fff2a653000 	/usr/lib/libfakelink.dylib
0x00007fff2478d000 	/System/Library/Frameworks/CFNetwork.framework/Versions/A/CFNetwork
0x00007fff2a793000 	/usr/lib/libarchive.2.dylib
0x00007fff21005000 	/usr/lib/libCRFSuite.dylib
0x00007fff29e26000 	/usr/lib/libbsm.0.dylib
0x00007fff24149000 	/usr/lib/libnetwork.dylib
0x00007fff2a658000 	/usr/lib/libpcap.A.dylib
0x00007fff2638f000 	/usr/lib/libdns_services.dylib
0x00007fff2aced000 	/usr/lib/libcoretls_cfhelpers.dylib
0x00007fff2a897000 	/usr/lib/libapple_nghttp2.dylib
0x00007fff2a5eb000 	/usr/lib/system/libkxld.dylib
0x00007fff25ff5000 	/usr/lib/libsqlite3.dylib
0x00007fff2a363000 	/System/Library/PrivateFrameworks/AppleFSCompression.framework/Versions/A/AppleFSCompression
0x00007fff29e0e000 	/usr/lib/libcoretls.dylib
0x00007fff2a8c4000 	/usr/lib/libpam.2.dylib
0x00007fff2adea000 	/usr/lib/libxar.1.dylib
0x00007fff290fe000 	/System/Library/PrivateFrameworks/AppleSystemInfo.framework/Versions/A/AppleSystemInfo
0x00007fff29a51000 	/System/Library/PrivateFrameworks/IOMobileFramebuffer.framework/Versions/A/IOMobileFramebuffer
0x00007fff2a373000 	/usr/lib/libbz2.1.0.dylib
0x00007fff2a690000 	/usr/lib/libiconv.2.dylib
0x00007fff2a5e4000 	/usr/lib/libcharset.1.dylib
0x00007fff27258000 	/System/Library/Frameworks/CoreServices.framework/Versions/A/Frameworks/FSEvents.framework/Versions/A/FSEvents
0x00007fff228be000 	/System/Library/Frameworks/CoreServices.framework/Versions/A/Frameworks/CarbonCore.framework/Versions/A/CarbonCore
0x00007fff26598000 	/System/Library/Frameworks/CoreServices.framework/Versions/A/Frameworks/Metadata.framework/Versions/A/Metadata
0x00007fff2a386000 	/System/Library/Frameworks/CoreServices.framework/Versions/A/Frameworks/OSServices.framework/Versions/A/OSServices
0x00007fff2a805000 	/System/Library/Frameworks/CoreServices.framework/Versions/A/Frameworks/SearchKit.framework/Versions/A/SearchKit
0x00007fff26319000 	/System/Library/Frameworks/CoreServices.framework/Versions/A/Frameworks/AE.framework/Versions/A/AE
0x00007fff20962000 	/System/Library/Frameworks/CoreServices.framework/Versions/A/Frameworks/LaunchServices.framework/Versions/A/LaunchServices
0x00007fff2ac85000 	/System/Library/Frameworks/CoreServices.framework/Versions/A/Frameworks/DictionaryServices.framework/Versions/A/DictionaryServices
0x00007fff27261000 	/System/Library/Frameworks/CoreServices.framework/Versions/A/Frameworks/SharedFileList.framework/Versions/A/SharedFileList
0x00007fff29e02000 	/usr/lib/libCheckFix.dylib
0x00007fff24cae000 	/System/Library/PrivateFrameworks/TCC.framework/Versions/A/TCC
0x00007fff29104000 	/System/Library/PrivateFrameworks/CoreNLP.framework/Versions/A/CoreNLP
0x00007fff2654b000 	/System/Library/PrivateFrameworks/MetadataUtilities.framework/Versions/A/MetadataUtilities
0x00007fff2103b000 	/usr/lib/libmecabra.dylib
0x00007fff2a115000 	/System/Library/Frameworks/MLCompute.framework/Versions/A/MLCompute
0x00007fff29e37000 	/usr/lib/libmecab.dylib
0x00007fff29e81000 	/usr/lib/libgermantok.dylib
0x00007fff2a86d000 	/usr/lib/libThaiTokenizer.dylib
0x00007fff2ae25000 	/usr/lib/libChineseTokenizer.dylib
0x00007fff2a8c2000 	/System/Library/Frameworks/MetalPerformanceShaders.framework/Versions/A/MetalPerformanceShaders
0x00007fff2663a000 	/System/Library/Frameworks/Accelerate.framework/Versions/A/Frameworks/vImage.framework/Versions/A/vImage
0x00007fff30019000 	/System/Library/Frameworks/Accelerate.framework/Versions/A/Frameworks/vecLib.framework/Versions/A/vecLib
0x00007fff2ae30000 	/System/Library/Frameworks/Accelerate.framework/Versions/A/Frameworks/vecLib.framework/Versions/A/libvMisc.dylib
0x00007fff2986a000 	/System/Library/Frameworks/Accelerate.framework/Versions/A/Frameworks/vecLib.framework/Versions/A/libvDSP.dylib
0x00007fff20c66000 	/System/Library/Frameworks/Accelerate.framework/Versions/A/Frameworks/vecLib.framework/Versions/A/libBLAS.dylib
0x00007fff2a8e8000 	/System/Library/Frameworks/Accelerate.framework/Versions/A/Frameworks/vecLib.framework/Versions/A/libLAPACK.dylib
0x00007fff29e87000 	/System/Library/Frameworks/Accelerate.framework/Versions/A/Frameworks/vecLib.framework/Versions/A/libLinearAlgebra.dylib
0x00007fff2a8af000 	/System/Library/Frameworks/Accelerate.framework/Versions/A/Frameworks/vecLib.framework/Versions/A/libSparseBLAS.dylib
0x00007fff2a8e2000 	/System/Library/Frameworks/Accelerate.framework/Versions/A/Frameworks/vecLib.framework/Versions/A/libQuadrature.dylib
0x00007fff291ac000 	/System/Library/Frameworks/Accelerate.framework/Versions/A/Frameworks/vecLib.framework/Versions/A/libBNNS.dylib
0x00007fff20f18000 	/System/Library/Frameworks/Accelerate.framework/Versions/A/Frameworks/vecLib.framework/Versions/A/libSparse.dylib
0x00007fff29097000 	/System/Library/Frameworks/MetalPerformanceShaders.framework/Versions/A/Frameworks/MPSCore.framework/Versions/A/MPSCore
0x00007fff2a2d2000 	/System/Library/Frameworks/MetalPerformanceShaders.framework/Versions/A/Frameworks/MPSImage.framework/Versions/A/MPSImage
0x00007fff29e9d000 	/System/Library/Frameworks/MetalPerformanceShaders.framework/Versions/A/Frameworks/MPSNeuralNetwork.framework/Versions/A/MPSNeuralNetwork
0x00007fff2a25d000 	/System/Library/Frameworks/MetalPerformanceShaders.framework/Versions/A/Frameworks/MPSMatrix.framework/Versions/A/MPSMatrix
0x00007fff2a0c5000 	/System/Library/Frameworks/MetalPerformanceShaders.framework/Versions/A/Frameworks/MPSRayIntersector.framework/Versions/A/MPSRayIntersector
0x00007fff2a294000 	/System/Library/Frameworks/MetalPerformanceShaders.framework/Versions/A/Frameworks/MPSNDArray.framework/Versions/A/MPSNDArray
0x00007fff20b92000 	/System/Library/PrivateFrameworks/MetalTools.framework/Versions/A/MetalTools
0x00007fff290fc000 	/System/Library/PrivateFrameworks/AggregateDictionary.framework/Versions/A/AggregateDictionary
0x00007fff26523000 	/System/Library/PrivateFrameworks/CoreAnalytics.framework/Versions/A/CoreAnalytics
0x00007fff2a86f000 	/System/Library/PrivateFrameworks/AppleSauce.framework/Versions/A/AppleSauce
0x00007fff28409000 	/System/Library/PrivateFrameworks/IOAccelerator.framework/Versions/A/IOAccelerator
0x00007fff6c99d000 	/System/Library/Frameworks/OpenGL.framework/Versions/A/Libraries/libCoreFSCache.dylib
0x00007fff215d7000 	/System/Library/PrivateFrameworks/LanguageModeling.framework/Versions/A/LanguageModeling
0x00007fff29a3e000 	/System/Library/PrivateFrameworks/CoreEmoji.framework/Versions/A/CoreEmoji
0x00007fff291a5000 	/System/Library/PrivateFrameworks/LinguisticData.framework/Versions/A/LinguisticData
0x00007fff20eca000 	/System/Library/PrivateFrameworks/Lexicon.framework/Versions/A/Lexicon
0x00007fff2a781000 	/usr/lib/libcmph.dylib
0x00007fff27238000 	/System/Library/Frameworks/OpenDirectory.framework/Versions/A/Frameworks/CFOpenDirectory.framework/Versions/A/CFOpenDirectory
0x00007fff27228000 	/System/Library/Frameworks/OpenDirectory.framework/Versions/A/OpenDirectory
0x00007fff2acef000 	/System/Library/PrivateFrameworks/APFS.framework/Versions/A/APFS
0x00007fff29d63000 	/System/Library/Frameworks/SecurityFoundation.framework/Versions/A/SecurityFoundation
0x00007fff2adf8000 	/usr/lib/libutil.dylib
0x00007fff22be5000 	/System/Library/PrivateFrameworks/CoreServicesStore.framework/Versions/A/CoreServicesStore
0x00007fff29dfa000 	/System/Library/Frameworks/ServiceManagement.framework/Versions/A/ServiceManagement
0x00007fff2adfc000 	/usr/lib/libxslt.1.dylib
0x00007fff29df0000 	/System/Library/PrivateFrameworks/BackgroundTaskManagement.framework/Versions/A/BackgroundTaskManagement
0x00007fff2bdf1000 	/System/Library/Frameworks/ImageIO.framework/Versions/A/Resources/libRadiance.dylib
0x00007fff2bdfb000 	/System/Library/Frameworks/ImageIO.framework/Versions/A/Resources/libJPEG.dylib
0x00007fff2bd46000 	/System/Library/Frameworks/ImageIO.framework/Versions/A/Resources/libPng.dylib
0x00007fff2bd6d000 	/System/Library/Frameworks/ImageIO.framework/Versions/A/Resources/libTIFF.dylib
0x00007fff2be50000 	/System/Library/Frameworks/ImageIO.framework/Versions/A/Resources/libGIF.dylib
0x00007fff2baa9000 	/System/Library/Frameworks/ImageIO.framework/Versions/A/Resources/libJP2.dylib
0x00007fff2b193000 	/usr/lib/libexpat.1.dylib
0x00007fff2ba5e000 	/System/Library/PrivateFrameworks/AppleJPEG.framework/Versions/A/AppleJPEG
0x00007fff2863f000 	/System/Library/PrivateFrameworks/FontServices.framework/libFontParser.dylib
0x00007fff262cd000 	/System/Library/PrivateFrameworks/RunningBoardServices.framework/Versions/A/RunningBoardServices
0x00007fff2bb88000 	/System/Library/PrivateFrameworks/WatchdogClient.framework/Versions/A/WatchdogClient
0x00007fff216c4000 	/System/Library/Frameworks/CoreDisplay.framework/Versions/A/CoreDisplay
0x00007fff28555000 	/System/Library/Frameworks/CoreMedia.framework/Versions/A/CoreMedia
0x00007fff273b5000 	/System/Library/Frameworks/CoreVideo.framework/Versions/A/CoreVideo
0x00007fff2bbc0000 	/System/Library/Frameworks/VideoToolbox.framework/Versions/A/VideoToolbox
0x00007fff2624b000 	/System/Library/PrivateFrameworks/BaseBoard.framework/Versions/A/BaseBoard
0x00007fff2b2d8000 	/System/Library/PrivateFrameworks/PersistentConnection.framework/Versions/A/PersistentConnection
0x00007fff25fde000 	/System/Library/PrivateFrameworks/ProtocolBuffer.framework/Versions/A/ProtocolBuffer
0x00007fff26232000 	/System/Library/PrivateFrameworks/CommonUtilities.framework/Versions/A/CommonUtilities
0x00007fff2b9f3000 	/System/Library/PrivateFrameworks/Bom.framework/Versions/A/Bom
0x00007fff2bdea000 	/System/Library/PrivateFrameworks/GPUWrangler.framework/Versions/A/GPUWrangler
0x00007fff2bdcd000 	/System/Library/PrivateFrameworks/IOPresentment.framework/Versions/A/IOPresentment
0x00007fff2bdf5000 	/System/Library/PrivateFrameworks/DSExternalDisplay.framework/Versions/A/DSExternalDisplay
0x00007fff2be55000 	/System/Library/PrivateFrameworks/CMCaptureCore.framework/Versions/A/CMCaptureCore
0x00007fff2b778000 	/System/Library/PrivateFrameworks/AppServerSupport.framework/Versions/A/AppServerSupport
0x00007fff2d829000 	/System/Library/PrivateFrameworks/perfdata.framework/Versions/A/perfdata
0x00007fff29d52000 	/System/Library/PrivateFrameworks/AssertionServices.framework/Versions/A/AssertionServices
0x00007fff217fb000 	/System/Library/PrivateFrameworks/AudioToolboxCore.framework/Versions/A/AudioToolboxCore
0x00007fff28538000 	/System/Library/PrivateFrameworks/caulk.framework/Versions/A/caulk
0x00007fff3d4d4000 	/System/Library/PrivateFrameworks/SystemPolicy.framework/Versions/A/SystemPolicy
0x00007fff2af88000 	/usr/lib/libIOReport.dylib
0x00007fff2d04b000 	/usr/lib/libSMC.dylib
0x00007fff2bd13000 	/usr/lib/libAudioToolboxUtility.dylib
0x00007fff3de3e000 	/usr/lib/libmis.dylib
0x00007fff6c9f9000 	/System/Library/Frameworks/OpenGL.framework/Versions/A/Libraries/libGLU.dylib
0x00007fff6c9bc000 	/System/Library/Frameworks/OpenGL.framework/Versions/A/Libraries/libGFXShared.dylib
0x00007fff6cbcb000 	/System/Library/Frameworks/OpenGL.framework/Versions/A/Libraries/libGL.dylib
0x00007fff6c9c5000 	/System/Library/Frameworks/OpenGL.framework/Versions/A/Libraries/libGLImage.dylib
0x00007fff6c9b9000 	/System/Library/Frameworks/OpenGL.framework/Versions/A/Libraries/libCVMSPluginSupport.dylib
0x00007fff6c9a4000 	/System/Library/Frameworks/OpenGL.framework/Versions/A/Libraries/libCoreVMClient.dylib
0x00007fff6e00c000 	/System/Library/Frameworks/OpenCL.framework/Versions/A/OpenCL
0x00007fff2b302000 	/System/Library/PrivateFrameworks/GraphVisualizer.framework/Versions/A/GraphVisualizer
0x00007fff2b311000 	/System/Library/PrivateFrameworks/FaceCore.framework/Versions/A/FaceCore
0x00007fff2b72d000 	/System/Library/PrivateFrameworks/OTSVG.framework/Versions/A/OTSVG
0x00007fff26fac000 	/System/Library/Frameworks/ApplicationServices.framework/Versions/A/Frameworks/ATS.framework/Versions/A/Resources/libFontRegistry.dylib
0x00007fff2b77f000 	/System/Library/PrivateFrameworks/FontServices.framework/libhvf.dylib
0x00007fff2b13f000 	/System/Library/PrivateFrameworks/AppleVA.framework/Versions/A/AppleVA
0x00007fff2ce94000 	/System/Library/Frameworks/ApplicationServices.framework/Versions/A/Frameworks/ATS.framework/Versions/A/ATS
0x00007fff2d1a6000 	/System/Library/Frameworks/ApplicationServices.framework/Versions/A/Frameworks/ColorSyncLegacy.framework/Versions/A/ColorSyncLegacy
0x00007fff257b8000 	/System/Library/Frameworks/ApplicationServices.framework/Versions/A/Frameworks/HIServices.framework/Versions/A/HIServices
0x00007fff2d18b000 	/System/Library/Frameworks/ApplicationServices.framework/Versions/A/Frameworks/LangAnalysis.framework/Versions/A/LangAnalysis
0x00007fff2be5f000 	/System/Library/Frameworks/ApplicationServices.framework/Versions/A/Frameworks/PrintCore.framework/Versions/A/PrintCore
0x00007fff2d1ae000 	/System/Library/Frameworks/ApplicationServices.framework/Versions/A/Frameworks/QD.framework/Versions/A/QD
0x00007fff2ce84000 	/System/Library/Frameworks/ApplicationServices.framework/Versions/A/Frameworks/SpeechSynthesis.framework/Versions/A/SpeechSynthesis
0x00007fff2be20000 	/System/Library/Frameworks/ApplicationServices.framework/Versions/A/Frameworks/ATSUI.framework/Versions/A/ATSUI
0x00007fff2d12b000 	/usr/lib/libcups.2.dylib
0x00007fff2d19b000 	/System/Library/PrivateFrameworks/NetAuth.framework/Versions/A/NetAuth
0x00007fff2d845000 	/System/Library/Frameworks/Kerberos.framework/Versions/A/Kerberos
0x00007fff2d855000 	/System/Library/Frameworks/GSS.framework/Versions/A/GSS
0x00007fff2cf00000 	/usr/lib/libresolv.9.dylib
0x00007fff2b794000 	/System/Library/PrivateFrameworks/Heimdal.framework/Versions/A/Heimdal
0x00007fff335d9000 	/System/Library/Frameworks/Kerberos.framework/Versions/A/Libraries/libHeimdalProxy.dylib
0x00007fff2639e000 	/System/Library/Frameworks/Network.framework/Versions/A/Network
0x00007fff2b1ad000 	/usr/lib/libheimdal-asn1.dylib
0x00007fff2d8a5000 	/System/Library/PrivateFrameworks/CommonAuth.framework/Versions/A/CommonAuth
0x00007fff27402000 	/System/Library/PrivateFrameworks/login.framework/Versions/A/Frameworks/loginsupport.framework/Versions/A/loginsupport
0x00007fff2ce09000 	/System/Library/PrivateFrameworks/AudioSession.framework/Versions/A/AudioSession
0x00007fff2ce71000 	/usr/lib/libAudioStatistics.dylib
0x00007fff2b23a000 	/System/Library/PrivateFrameworks/MediaExperience.framework/Versions/A/MediaExperience
0x00007fff2cca6000 	/System/Library/PrivateFrameworks/AudioSession.framework/libSessionUtility.dylib
0x00007fff2d836000 	/usr/lib/libperfcheck.dylib
0x00007fff2d1ba000 	/System/Library/PrivateFrameworks/AudioResourceArbitration.framework/Versions/A/AudioResourceArbitration
0x00007fff2b1b7000 	/System/Library/PrivateFrameworks/IconFoundation.framework/Versions/A/IconFoundation
0x00007fff2fce3000 	/System/Library/PrivateFrameworks/SpeechRecognitionCore.framework/Versions/A/SpeechRecognitionCore
0x0000000112800000 	/Library/Java/JavaVirtualMachines/jdk-16.0.2.jdk/Contents/Home/lib/server/libjvm.dylib
0x000000010f5fc000 	/Library/Java/JavaVirtualMachines/jdk-16.0.2.jdk/Contents/Home/lib/libjimage.dylib
0x000000010f60a000 	/Library/Java/JavaVirtualMachines/jdk-16.0.2.jdk/Contents/Home/lib/libinstrument.dylib
0x000000010f61a000 	/Library/Java/JavaVirtualMachines/jdk-16.0.2.jdk/Contents/Home/lib/libjava.dylib
0x00000001100c5000 	/Library/Java/JavaVirtualMachines/jdk-16.0.2.jdk/Contents/Home/lib/libzip.dylib
0x00000001100d3000 	/Library/Java/JavaVirtualMachines/jdk-16.0.2.jdk/Contents/Home/lib/libnio.dylib
0x00000001100e7000 	/Library/Java/JavaVirtualMachines/jdk-16.0.2.jdk/Contents/Home/lib/libnet.dylib
0x0000000110101000 	/Library/Java/JavaVirtualMachines/jdk-16.0.2.jdk/Contents/Home/lib/libextnet.dylib
0x0000000110108000 	/Library/Java/JavaVirtualMachines/jdk-16.0.2.jdk/Contents/Home/lib/libawt.dylib
0x00000001101be000 	/Library/Java/JavaVirtualMachines/jdk-16.0.2.jdk/Contents/Home/lib/libmlib_image.dylib
0x00007fff6f839000 	/System/Library/Frameworks/JavaNativeFoundation.framework/Versions/A/JavaNativeFoundation
0x00007fff6f845000 	/System/Library/Frameworks/JavaRuntimeSupport.framework/Versions/A/JavaRuntimeSupport
0x00007fff3d24c000 	/System/Library/Frameworks/Carbon.framework/Versions/A/Carbon
0x00007fff31cad000 	/System/Library/PrivateFrameworks/CoreSymbolication.framework/Versions/A/CoreSymbolication
0x00007fff36546000 	/System/Library/Frameworks/Carbon.framework/Versions/A/Frameworks/CommonPanels.framework/Versions/A/CommonPanels
0x00007fff33093000 	/System/Library/Frameworks/Carbon.framework/Versions/A/Frameworks/Help.framework/Versions/A/Help
0x00007fff3654a000 	/System/Library/Frameworks/Carbon.framework/Versions/A/Frameworks/ImageCapture.framework/Versions/A/ImageCapture
0x00007fff36522000 	/System/Library/Frameworks/Carbon.framework/Versions/A/Frameworks/OpenScripting.framework/Versions/A/OpenScripting
0x00007fff36542000 	/System/Library/Frameworks/Carbon.framework/Versions/A/Frameworks/Ink.framework/Versions/A/Ink
0x00007fff3d248000 	/System/Library/Frameworks/Carbon.framework/Versions/A/Frameworks/Print.framework/Versions/A/Print
0x00007fff3653e000 	/System/Library/Frameworks/Carbon.framework/Versions/A/Frameworks/SecurityHI.framework/Versions/A/SecurityHI
0x00007fff31c70000 	/System/Library/PrivateFrameworks/DebugSymbols.framework/Versions/A/DebugSymbols
0x0000000110258000 	/Library/Java/JavaVirtualMachines/jdk-16.0.2.jdk/Contents/Home/lib/libawt_lwawt.dylib
0x0000000110308000 	/Library/Java/JavaVirtualMachines/jdk-16.0.2.jdk/Contents/Home/lib/libosxapp.dylib
0x00007fff3c60c000 	/System/Library/Frameworks/ExceptionHandling.framework/Versions/A/ExceptionHandling
0x0000000110327000 	/Library/Java/JavaVirtualMachines/jdk-16.0.2.jdk/Contents/Home/lib/libfontmanager.dylib
0x00000001104cf000 	/Library/Java/JavaVirtualMachines/jdk-16.0.2.jdk/Contents/Home/lib/libharfbuzz.dylib
0x0000000110657000 	/Library/Java/JavaVirtualMachines/jdk-16.0.2.jdk/Contents/Home/lib/libfreetype.dylib
0x00007fff22ba6000 	/System/Library/PrivateFrameworks/CoreServicesInternal.framework/Versions/A/CoreServicesInternal
0x00007fff311c9000 	/System/Library/Frameworks/FileProvider.framework/Versions/A/FileProvider
0x00007fff261b5000 	/System/Library/Frameworks/Accounts.framework/Versions/A/Accounts
0x00007fff312ea000 	/System/Library/PrivateFrameworks/GenerationalStorage.framework/Versions/A/GenerationalStorage
0x00007fff30be8000 	/System/Library/PrivateFrameworks/SymptomDiagnosticReporter.framework/Versions/A/SymptomDiagnosticReporter
0x00007fff2e4ee000 	/System/Library/PrivateFrameworks/AppContainer.framework/Versions/A/AppContainer
0x00007fff23cf2000 	/System/Library/PrivateFrameworks/DesktopServicesPriv.framework/Versions/A/DesktopServicesPriv
0x00007fff22cdb000 	/usr/lib/libsandbox.1.dylib
0x00007fff2742e000 	/System/Library/PrivateFrameworks/UserManagement.framework/Versions/A/UserManagement
0x00007fff29d2f000 	/System/Library/PrivateFrameworks/MobileKeyBag.framework/Versions/A/MobileKeyBag
0x00007fff34643000 	/System/Library/PrivateFrameworks/ChunkingLibrary.framework/Versions/A/ChunkingLibrary
0x00007fff2e503000 	/System/Library/PrivateFrameworks/SecCodeWrapper.framework/Versions/A/SecCodeWrapper
0x00007fff2af90000 	/System/Library/PrivateFrameworks/CrashReporterSupport.framework/Versions/A/CrashReporterSupport
0x00007fff483c7000 	/System/Library/PrivateFrameworks/OSAnalytics.framework/Versions/A/OSAnalytics
0x00007fff781d1000 	/usr/lib/libRosetta.dylib
0x00007fff33024000 	/System/Library/PrivateFrameworks/RemoteServiceDiscovery.framework/Versions/A/RemoteServiceDiscovery
0x00007fff5239e000 	/System/Library/PrivateFrameworks/Symbolication.framework/Versions/A/Symbolication
0x00007fff33034000 	/System/Library/PrivateFrameworks/RemoteXPC.framework/Versions/A/RemoteXPC
0x00007fff3953f000 	/System/Library/PrivateFrameworks/OSAServicesClient.framework/Versions/A/OSAServicesClient
0x00007fff3de1d000 	/System/Library/PrivateFrameworks/MallocStackLogging.framework/Versions/A/MallocStackLogging
0x00007fff2e285000 	/System/Library/PrivateFrameworks/Sharing.framework/Versions/A/Sharing
0x00007fff32c01000 	/System/Library/PrivateFrameworks/Apple80211.framework/Versions/A/Apple80211
0x00007fff2a3b4000 	/System/Library/PrivateFrameworks/AuthKit.framework/Versions/A/AuthKit
0x00007fff29b2f000 	/System/Library/PrivateFrameworks/CoreUtils.framework/Versions/A/CoreUtils
0x00007fff29a5c000 	/System/Library/Frameworks/CoreWLAN.framework/Versions/A/CoreWLAN
0x00007fff2e3cd000 	/System/Library/Frameworks/IOBluetooth.framework/Versions/A/IOBluetooth
0x00007fff32c65000 	/System/Library/PrivateFrameworks/CoreWiFi.framework/Versions/A/CoreWiFi
0x00007fff2d92d000 	/System/Library/PrivateFrameworks/CorePhoneNumbers.framework/Versions/A/CorePhoneNumbers
0x00007fff30cf0000 	/System/Library/PrivateFrameworks/DiskManagement.framework/Versions/A/DiskManagement
0x00007fff30c06000 	/System/Library/PrivateFrameworks/AppleIDAuthSupport.framework/Versions/A/AppleIDAuthSupport
0x00007fff2d90a000 	/System/Library/PrivateFrameworks/KeychainCircle.framework/Versions/A/KeychainCircle
0x00007fff30cbc000 	/System/Library/PrivateFrameworks/MediaKit.framework/Versions/A/MediaKit
0x00007fff30c13000 	/System/Library/Frameworks/DiscRecording.framework/Versions/A/DiscRecording
0x00007fff2b0b3000 	/usr/lib/libCoreStorage.dylib
0x00007fff3309f000 	/usr/lib/libcsfde.dylib
0x00007fff2e507000 	/System/Library/PrivateFrameworks/ProtectedCloudStorage.framework/Versions/A/ProtectedCloudStorage
0x00007fff33097000 	/System/Library/PrivateFrameworks/EFILogin.framework/Versions/A/EFILogin
0x00007fff3368c000 	/System/Library/Frameworks/AudioUnit.framework/Versions/A/AudioUnit
0x00007fff30b85000 	/System/Library/Frameworks/CoreBluetooth.framework/Versions/A/CoreBluetooth
0x00007fff2b0ab000 	/usr/lib/libMatch.1.dylib
0x00007fff44058000 	/System/Library/CoreServices/RawCamera.bundle/Contents/MacOS/RawCamera
0x00007fff2d8b6000 	/System/Library/PrivateFrameworks/MobileAsset.framework/Versions/A/MobileAsset
0x00007fff336b1000 	/System/Library/PrivateFrameworks/StreamingZip.framework/Versions/A/StreamingZip
0x00007fff2c058000 	/System/Library/Frameworks/MediaToolbox.framework/Versions/A/MediaToolbox
0x00007fff3119b000 	/System/Library/PrivateFrameworks/CoreAVCHD.framework/Versions/A/CoreAVCHD
0x00007fff3034f000 	/System/Library/Frameworks/MediaAccessibility.framework/Versions/A/MediaAccessibility
0x00007fff31197000 	/System/Library/PrivateFrameworks/Mangrove.framework/Versions/A/Mangrove
0x00007fff3035b000 	/System/Library/PrivateFrameworks/AlgosScoreFramework.framework/Versions/A/AlgosScoreFramework
0x00007fff31b60000 	/System/Library/PrivateFrameworks/AppleVPA.framework/Versions/A/AppleVPA
0x00007fff30ddc000 	/System/Library/PrivateFrameworks/CoreAUC.framework/Versions/A/CoreAUC
0x00007fff41a4a000 	/System/Library/Frameworks/Accelerate.framework/Versions/A/Frameworks/vImage.framework/Versions/A/Libraries/libCGInterfaces.dylib
0x00000001107c7000 	/usr/lib/libobjc-trampolines.dylib
0x00007fff27130000 	/System/Library/PrivateFrameworks/ViewBridge.framework/Versions/A/ViewBridge
0x0000000134e71000 	/Library/Java/JavaVirtualMachines/jdk-16.0.2.jdk/Contents/Home/lib/libosxui.dylib
0x00007fff6cbd6000 	/System/Library/Frameworks/OpenGL.framework/Versions/A/Resources/GLEngine.bundle/GLEngine
0x00007fff6ca36000 	/System/Library/Frameworks/OpenGL.framework/Versions/A/Libraries/libGLProgrammability.dylib
0x00007fff645a7000 	/System/Library/Extensions/AppleIntelBDWGraphicsGLDriver.bundle/Contents/MacOS/AppleIntelBDWGraphicsGLDriver
0x00007fff46d59000 	/System/Library/PrivateFrameworks/GPUSupport.framework/Versions/A/Libraries/libGPUSupportMercury.dylib
0x00007fff6cd52000 	/System/Library/Frameworks/OpenGL.framework/Versions/A/Resources/GLRendererFloat.bundle/GLRendererFloat
0x00007fff2b855000 	/System/Library/PrivateFrameworks/login.framework/Versions/A/login


VM Arguments:
jvm_args: -javaagent:/Applications/IntelliJ IDEA.app/Contents/lib/idea_rt.jar=53829:/Applications/IntelliJ IDEA.app/Contents/bin -Dfile.encoding=UTF-8 
java_command: com.app.Server
java_class_path (initial): /Users/diana/Documents/OneDrive - Estudiantes ITCR/IIS2021/oficialTarea1_Datos/out/production/oficialTarea1_Datos
Launcher Type: SUN_STANDARD

[Global flags]
     intx CICompilerCount                          = 3                                         {product} {ergonomic}
     uint ConcGCThreads                            = 1                                         {product} {ergonomic}
     uint G1ConcRefinementThreads                  = 4                                         {product} {ergonomic}
   size_t G1HeapRegionSize                         = 1048576                                   {product} {ergonomic}
    uintx GCDrainStackTargetSize                   = 64                                        {product} {ergonomic}
   size_t InitialHeapSize                          = 134217728                                 {product} {ergonomic}
   size_t MarkStackSize                            = 4194304                                   {product} {ergonomic}
   size_t MaxHeapSize                              = 2147483648                                {product} {ergonomic}
   size_t MaxNewSize                               = 1287651328                                {product} {ergonomic}
   size_t MinHeapDeltaBytes                        = 1048576                                   {product} {ergonomic}
   size_t MinHeapSize                              = 8388608                                   {product} {ergonomic}
    uintx NonNMethodCodeHeapSize                   = 5832780                                {pd product} {ergonomic}
    uintx NonProfiledCodeHeapSize                  = 122912730                              {pd product} {ergonomic}
    uintx ProfiledCodeHeapSize                     = 122912730                              {pd product} {ergonomic}
    uintx ReservedCodeCacheSize                    = 251658240                              {pd product} {ergonomic}
     bool SegmentedCodeCache                       = true                                      {product} {ergonomic}
   size_t SoftMaxHeapSize                          = 2147483648                             {manageable} {ergonomic}
     bool UseCompressedClassPointers               = true                           {product lp64_product} {ergonomic}
     bool UseCompressedOops                        = true                           {product lp64_product} {ergonomic}
     bool UseG1GC                                  = true                                      {product} {ergonomic}
     bool UseNUMA                                  = false                                     {product} {ergonomic}
     bool UseNUMAInterleaving                      = false                                     {product} {ergonomic}

Logging:
Log output configuration:
 #0: stdout all=warning uptime,level,tags
 #1: stderr all=off uptime,level,tags

Environment Variables:
PATH=/Library/Frameworks/Python.framework/Versions/3.9/bin:/usr/local/bin:/usr/bin:/bin:/usr/sbin:/sbin
SHELL=/bin/zsh
LC_CTYPE=en_US.UTF-8

Signal Handlers:
SIGSEGV: [libjvm.dylib+0xa7bdc0], sa_mask[0]=11100110000111110111111111111111, sa_flags=SA_ONSTACK|SA_RESTART|SA_SIGINFO
SIGBUS: [libjvm.dylib+0xa7bdc0], sa_mask[0]=11100110000111110111111111111111, sa_flags=SA_RESTART|SA_SIGINFO
SIGFPE: [libjvm.dylib+0xa7bdc0], sa_mask[0]=11100110000111110111111111111111, sa_flags=SA_RESTART|SA_SIGINFO
SIGPIPE: [libjvm.dylib+0x945be0], sa_mask[0]=11100110000111110111111111111111, sa_flags=SA_RESTART|SA_SIGINFO
SIGXFSZ: [libjvm.dylib+0x945be0], sa_mask[0]=11100110000111110111111111111111, sa_flags=SA_RESTART|SA_SIGINFO
SIGILL: [libjvm.dylib+0xa7bdc0], sa_mask[0]=11100110000111110111111111111111, sa_flags=SA_RESTART|SA_SIGINFO
SIGUSR2: [libjvm.dylib+0x946690], sa_mask[0]=00100000000000000000000000000000, sa_flags=SA_RESTART|SA_SIGINFO
SIGHUP: [libjvm.dylib+0x944c50], sa_mask[0]=11100110000111110111111111111111, sa_flags=SA_RESTART|SA_SIGINFO
SIGINT: [libjvm.dylib+0x944c50], sa_mask[0]=11100110000111110111111111111111, sa_flags=SA_RESTART|SA_SIGINFO
SIGTERM: [libjvm.dylib+0x944c50], sa_mask[0]=11100110000111110111111111111111, sa_flags=SA_RESTART|SA_SIGINFO
SIGQUIT: [libjvm.dylib+0x944c50], sa_mask[0]=11100110000111110111111111111111, sa_flags=SA_RESTART|SA_SIGINFO
SIGTRAP: [libjvm.dylib+0xa7bdc0], sa_mask[0]=11100110000111110111111111111111, sa_flags=SA_RESTART|SA_SIGINFO


---------------  S Y S T E M  ---------------

OS:uname: Darwin 20.3.0 Darwin Kernel Version 20.3.0: Thu Jan 21 00:07:06 PST 2021; root:xnu-7195.81.3~1/RELEASE_X86_64 x86_64
OS uptime: 3 days 0:16 hours
rlimit (soft/hard): STACK 8192k/65532k , CORE 0k/infinity , NPROC 1392/2088 , NOFILE 10240/infinity , AS infinity/infinity , CPU infinity/infinity , DATA infinity/infinity , FSIZE infinity/infinity , MEMLOCK infinity/infinity , RSS infinity/infinity
load average: 20.85 6.61 4.17

CPU: total 4 (initial active 4) (2 cores per cpu, 2 threads per core) family 6 model 61 stepping 4 microcode 0x2f, cx8, cmov, fxsr, ht, mmx, 3dnowpref, sse, sse2, sse3, ssse3, sse4.1, sse4.2, popcnt, lzcnt, tsc, tscinvbit, avx, avx2, aes, erms, clmul, bmi1, bmi2, adx, fma, vzeroupper, clflush

Memory: 4k page, physical 8388608k(22480k free), swap 1048576k(737280k free)

vm_info: Java HotSpot(TM) 64-Bit Server VM (16.0.2+7-67) for bsd-amd64 JRE (16.0.2+7-67), built on Jun  8 2021 22:22:46 by "mach5one" with clang 4.2.1 Compatible Apple LLVM 11.0.0 (clang-1100.0.33.17)

END.
